https://twitter.com/ambassadorpower
http://risky.biz/
https://twitter.com/SwiftOnSecurity
https://www.eff.org/deeplinks
https://www.reddit.com/r/netsec/
https://www.youtube.com/user/s4myk
https://twitter.com/normative
https://twitter.com/thegrugq
http://krebsonsecurity.com/
http://blog.erratasec.com/
http://www.usanetwork.com/mrrobot
https://wikileaks.org/index.en.html
http://www.schneier.com/
http://www.troyhunt.com/
http://blog.zeltser.com/
http://grahamcluley.com/
http://www.infosecblog.org/
http://blog.rootshell.be/
http://taosecurity.blogspot.com/
http://www.securitybloggersnetwork.com/security-bloggers-network-the-feed/
http://nakedsecurity.sophos.com/
http://www.securitybistro.com/
http://www.tripwire.com/state-of-security/
http://blogs.securiteam.com/
http://www.darkreading.com/columns
http://www.darknet.org.uk/
https://www.j4vv4d.com/
http://googleonlinesecurity.blogspot.com/
http://www.veracode.com/blog/
http://www.staysafeonline.org/blog
